app/build/intermediates/manifest_merge_blame_file/debug/manifest-merger-blame-debug-report.txt
1<?xml version="1.0" encoding="utf-8"?>
2<manifest xmlns:android="http://schemas.android.com/apk/res/android"
3    package="com.yukino.airbeamcompanion"
4    android:versionCode="1"
5    android:versionName="1.0" >
6
7    <uses-sdk
8        android:minSdkVersion="26"
9        android:targetSdkVersion="34" />
10
11    <uses-permission android:name="android.permission.FOREGROUND_SERVICE" />
11-->src\main\AndroidManifest.xml:5:5-77
11-->src\main\AndroidManifest.xml:5:22-74
12    <uses-permission android:name="android.permission.FOREGROUND_SERVICE_SPECIAL_USE" />
12-->src\main\AndroidManifest.xml:6:5-89
12-->src\main\AndroidManifest.xml:6:22-86
13    <uses-permission android:name="android.permission.WAKE_LOCK" />
13-->src\main\AndroidManifest.xml:7:5-68
13-->src\main\AndroidManifest.xml:7:22-65
14    <uses-permission android:name="android.permission.FOREGROUND_SERVICE_MEDIA_PROJECTION" />
14-->src\main\AndroidManifest.xml:8:5-94
14-->src\main\AndroidManifest.xml:8:22-91
15    <uses-permission android:name="android.permission.QUERY_ALL_PACKAGES" />
15-->src\main\AndroidManifest.xml:9:5-77
15-->src\main\AndroidManifest.xml:9:22-74
16
17    <permission
17-->[androidx.core:core:1.9.0] AndroidManifest.xml:22:5-24:47
18        android:name="com.yukino.airbeamcompanion.DYNAMIC_RECEIVER_NOT_EXPORTED_PERMISSION"
18-->[androidx.core:core:1.9.0] AndroidManifest.xml:23:9-81
19        android:protectionLevel="signature" />
19-->[androidx.core:core:1.9.0] AndroidManifest.xml:24:9-44
20
21    <uses-permission android:name="com.yukino.airbeamcompanion.DYNAMIC_RECEIVER_NOT_EXPORTED_PERMISSION" />
21-->[androidx.core:core:1.9.0] AndroidManifest.xml:26:5-97
21-->[androidx.core:core:1.9.0] AndroidManifest.xml:26:22-94
22
23    <application
23-->src\main\AndroidManifest.xml:12:5-55:19
24        android:allowBackup="true"
24-->src\main\AndroidManifest.xml:13:9-35
25        android:appComponentFactory="androidx.core.app.CoreComponentFactory"
25-->[androidx.core:core:1.9.0] AndroidManifest.xml:28:18-86
26        android:debuggable="true"
27        android:extractNativeLibs="false"
28        android:icon="@mipmap/ic_launcher"
28-->src\main\AndroidManifest.xml:14:9-43
29        android:label="@string/app_name"
29-->src\main\AndroidManifest.xml:15:9-41
30        android:theme="@style/Theme.AppCompat.Light.NoActionBar" >
30-->src\main\AndroidManifest.xml:16:9-65
31        <activity
31-->src\main\AndroidManifest.xml:18:9-25:20
32            android:name="com.yukino.airbeamcompanion.MainActivity"
32-->src\main\AndroidManifest.xml:19:13-41
33            android:exported="true" >
33-->src\main\AndroidManifest.xml:20:13-36
34            <intent-filter>
34-->src\main\AndroidManifest.xml:21:13-24:29
35                <action android:name="android.intent.action.MAIN" />
35-->src\main\AndroidManifest.xml:22:17-69
35-->src\main\AndroidManifest.xml:22:25-66
36
37                <category android:name="android.intent.category.LAUNCHER" />
37-->src\main\AndroidManifest.xml:23:17-77
37-->src\main\AndroidManifest.xml:23:27-74
38            </intent-filter>
39        </activity>
40
41        <service
41-->src\main\AndroidManifest.xml:27:9-35:19
42            android:name="com.yukino.airbeamcompanion.CompanionService"
42-->src\main\AndroidManifest.xml:28:13-45
43            android:enabled="true"
43-->src\main\AndroidManifest.xml:29:13-35
44            android:exported="false"
44-->src\main\AndroidManifest.xml:30:13-37
45            android:foregroundServiceType="specialUse" >
45-->src\main\AndroidManifest.xml:31:13-55
46            <property
46-->src\main\AndroidManifest.xml:32:13-34:50
47                android:name="android.app.PROPERTY_SPECIAL_USE_FGS_SUBTYPE"
47-->src\main\AndroidManifest.xml:33:17-76
48                android:value="ScreenOffForAR" />
48-->src\main\AndroidManifest.xml:34:17-47
49        </service>
50        <service
50-->src\main\AndroidManifest.xml:37:9-41:63
51            android:name="com.yukino.airbeamcompanion.MirrorService"
51-->src\main\AndroidManifest.xml:38:13-42
52            android:enabled="true"
52-->src\main\AndroidManifest.xml:39:13-35
53            android:exported="false"
53-->src\main\AndroidManifest.xml:40:13-37
54            android:foregroundServiceType="mediaProjection" />
54-->src\main\AndroidManifest.xml:41:13-60
55        <service
55-->src\main\AndroidManifest.xml:44:9-53:19
56            android:name="com.yukino.airbeamcompanion.AirBeamTileService"
56-->src\main\AndroidManifest.xml:45:13-47
57            android:exported="true"
57-->src\main\AndroidManifest.xml:49:13-36
58            android:icon="@drawable/ic_tile_icon"
58-->src\main\AndroidManifest.xml:46:13-50
59            android:label="@string/tile_label"
59-->src\main\AndroidManifest.xml:47:13-47
60            android:permission="android.permission.BIND_QUICK_SETTINGS_TILE" >
60-->src\main\AndroidManifest.xml:48:13-77
61            <intent-filter>
61-->src\main\AndroidManifest.xml:50:13-52:29
62                <action android:name="android.service.quicksettings.action.QS_TILE" />
62-->src\main\AndroidManifest.xml:51:17-87
62-->src\main\AndroidManifest.xml:51:25-84
63            </intent-filter>
64        </service>
65
66        <provider
66-->[androidx.emoji2:emoji2:1.2.0] AndroidManifest.xml:24:9-32:20
67            android:name="androidx.startup.InitializationProvider"
67-->[androidx.emoji2:emoji2:1.2.0] AndroidManifest.xml:25:13-67
68            android:authorities="com.yukino.airbeamcompanion.androidx-startup"
68-->[androidx.emoji2:emoji2:1.2.0] AndroidManifest.xml:26:13-68
69            android:exported="false" >
69-->[androidx.emoji2:emoji2:1.2.0] AndroidManifest.xml:27:13-37
70            <meta-data
70-->[androidx.emoji2:emoji2:1.2.0] AndroidManifest.xml:29:13-31:52
71                android:name="androidx.emoji2.text.EmojiCompatInitializer"
71-->[androidx.emoji2:emoji2:1.2.0] AndroidManifest.xml:30:17-75
72                android:value="androidx.startup" />
72-->[androidx.emoji2:emoji2:1.2.0] AndroidManifest.xml:31:17-49
73            <meta-data
73-->[androidx.lifecycle:lifecycle-process:2.4.1] AndroidManifest.xml:31:13-33:52
74                android:name="androidx.lifecycle.ProcessLifecycleInitializer"
74-->[androidx.lifecycle:lifecycle-process:2.4.1] AndroidManifest.xml:32:17-78
75                android:value="androidx.startup" />
75-->[androidx.lifecycle:lifecycle-process:2.4.1] AndroidManifest.xml:33:17-49
76        </provider>
77    </application>
78
79</manifest>